\BOOKMARK [0][-]{chapter.1}{\376\377\0001\000\040\000\315\000n\000d\000i\000c\000e\000\040\000d\000a\000s\000\040\000E\000s\000t\000r\000u\000t\000u\000r\000a\000s\000\040\000d\000e\000\040\000D\000a\000d\000o\000s}{}% 1
\BOOKMARK [1][-]{section.1.1}{\376\377\0001\000.\0001\000\040\000E\000s\000t\000r\000u\000t\000u\000r\000a\000s\000\040\000d\000e\000\040\000D\000a\000d\000o\000s}{chapter.1}% 2
\BOOKMARK [0][-]{chapter.2}{\376\377\0002\000\040\000\315\000n\000d\000i\000c\000e\000\040\000d\000o\000s\000\040\000A\000r\000q\000u\000i\000v\000o\000s}{}% 3
\BOOKMARK [1][-]{section.2.1}{\376\377\0002\000.\0001\000\040\000L\000i\000s\000t\000a\000\040\000d\000e\000\040\000A\000r\000q\000u\000i\000v\000o\000s}{chapter.2}% 4
\BOOKMARK [0][-]{chapter.3}{\376\377\0003\000\040\000E\000s\000t\000r\000u\000t\000u\000r\000a\000s}{}% 5
\BOOKMARK [1][-]{section.3.1}{\376\377\0003\000.\0001\000\040\000R\000e\000f\000e\000r\000\352\000n\000c\000i\000a\000\040\000d\000a\000\040\000E\000s\000t\000r\000u\000t\000u\000r\000a\000\040\000g\000a\000m\000e}{chapter.3}% 6
\BOOKMARK [2][-]{subsection.3.1.1}{\376\377\0003\000.\0001\000.\0001\000\040\000C\000a\000m\000p\000o\000s}{section.3.1}% 7
\BOOKMARK [3][-]{subsubsection.3.1.1.1}{\376\377\0003\000.\0001\000.\0001\000.\0001\000\040\000f\000i\000r\000s\000t\000\137\000p\000l\000a\000y\000e\000r}{subsection.3.1.1}% 8
\BOOKMARK [3][-]{subsubsection.3.1.1.2}{\376\377\0003\000.\0001\000.\0001\000.\0002\000\040\000n\000u\000m\000b\000e\000r\000\137\000o\000f\000\137\000p\000l\000a\000y\000e\000r\000s}{subsection.3.1.1}% 9
\BOOKMARK [3][-]{subsubsection.3.1.1.3}{\376\377\0003\000.\0001\000.\0001\000.\0003\000\040\000p\000l\000a\000y\000e\000r\000s}{subsection.3.1.1}% 10
\BOOKMARK [1][-]{section.3.2}{\376\377\0003\000.\0002\000\040\000R\000e\000f\000e\000r\000\352\000n\000c\000i\000a\000\040\000d\000a\000\040\000E\000s\000t\000r\000u\000t\000u\000r\000a\000\040\000m\000e\000s\000s\000a\000g\000e\000m}{chapter.3}% 11
\BOOKMARK [2][-]{subsection.3.2.1}{\376\377\0003\000.\0002\000.\0001\000\040\000C\000a\000m\000p\000o\000s}{section.3.2}% 12
\BOOKMARK [3][-]{subsubsection.3.2.1.1}{\376\377\0003\000.\0002\000.\0001\000.\0001\000\040\000c\000l\000i\000e\000n\000t\000\137\000a\000d\000d\000r}{subsection.3.2.1}% 13
\BOOKMARK [3][-]{subsubsection.3.2.1.2}{\376\377\0003\000.\0002\000.\0001\000.\0002\000\040\000d\000a\000t\000a}{subsection.3.2.1}% 14
\BOOKMARK [1][-]{section.3.3}{\376\377\0003\000.\0003\000\040\000R\000e\000f\000e\000r\000\352\000n\000c\000i\000a\000\040\000d\000a\000\040\000E\000s\000t\000r\000u\000t\000u\000r\000a\000\040\000p\000l\000a\000y\000e\000r}{chapter.3}% 15
\BOOKMARK [2][-]{subsection.3.3.1}{\376\377\0003\000.\0003\000.\0001\000\040\000C\000a\000m\000p\000o\000s}{section.3.3}% 16
\BOOKMARK [3][-]{subsubsection.3.3.1.1}{\376\377\0003\000.\0003\000.\0001\000.\0001\000\040\000a\000d\000d\000r}{subsection.3.3.1}% 17
\BOOKMARK [3][-]{subsubsection.3.3.1.2}{\376\377\0003\000.\0003\000.\0001\000.\0002\000\040\000i\000d}{subsection.3.3.1}% 18
\BOOKMARK [3][-]{subsubsection.3.3.1.3}{\376\377\0003\000.\0003\000.\0001\000.\0003\000\040\000n\000a\000m\000e}{subsection.3.3.1}% 19
\BOOKMARK [1][-]{section.3.4}{\376\377\0003\000.\0004\000\040\000R\000e\000f\000e\000r\000\352\000n\000c\000i\000a\000\040\000d\000a\000\040\000E\000s\000t\000r\000u\000t\000u\000r\000a\000\040\000r\000e\000c\000e\000i\000v\000e\000d\000\137\000m\000e\000s\000s\000a\000g\000e}{chapter.3}% 20
\BOOKMARK [2][-]{subsection.3.4.1}{\376\377\0003\000.\0004\000.\0001\000\040\000C\000a\000m\000p\000o\000s}{section.3.4}% 21
\BOOKMARK [3][-]{subsubsection.3.4.1.1}{\376\377\0003\000.\0004\000.\0001\000.\0001\000\040\000c\000l\000i\000e\000n\000t\000\137\000a\000d\000d\000r}{subsection.3.4.1}% 22
\BOOKMARK [3][-]{subsubsection.3.4.1.2}{\376\377\0003\000.\0004\000.\0001\000.\0002\000\040\000d\000a\000t\000a}{subsection.3.4.1}% 23
\BOOKMARK [0][-]{chapter.4}{\376\377\0004\000\040\000A\000r\000q\000u\000i\000v\000o\000s}{}% 24
\BOOKMARK [1][-]{section.4.1}{\376\377\0004\000.\0001\000\040\000R\000e\000f\000e\000r\000\352\000n\000c\000i\000a\000\040\000d\000o\000\040\000A\000r\000q\000u\000i\000v\000o\000\040\000c\000l\000i\000e\000n\000t\000/\000i\000n\000c\000l\000u\000d\000e\000/\000b\000o\000a\000r\000d\000.\000h}{chapter.4}% 25
\BOOKMARK [2][-]{subsection.4.1.1}{\376\377\0004\000.\0001\000.\0001\000\040\000D\000e\000s\000c\000r\000i\000\347\000\343\000o\000\040\000D\000e\000t\000a\000l\000h\000a\000d\000a}{section.4.1}% 26
\BOOKMARK [2][-]{subsection.4.1.2}{\376\377\0004\000.\0001\000.\0002\000\040\000F\000u\000n\000\347\000\365\000e\000s}{section.4.1}% 27
\BOOKMARK [3][-]{subsubsection.4.1.2.1}{\376\377\0004\000.\0001\000.\0002\000.\0001\000\040\000C\000h\000e\000c\000k\000P\000l\000a\000y\000e\000r\000W\000i\000n\000\050\000\051}{subsection.4.1.2}% 28
\BOOKMARK [3][-]{subsubsection.4.1.2.2}{\376\377\0004\000.\0001\000.\0002\000.\0002\000\040\000c\000h\000e\000c\000k\000V\000a\000l\000i\000d\000P\000l\000a\000y\000\050\000\051}{subsection.4.1.2}% 29
\BOOKMARK [3][-]{subsubsection.4.1.2.3}{\376\377\0004\000.\0001\000.\0002\000.\0003\000\040\000c\000l\000e\000a\000r\000\137\000s\000c\000r\000e\000e\000n\000\050\000\051}{subsection.4.1.2}% 30
\BOOKMARK [3][-]{subsubsection.4.1.2.4}{\376\377\0004\000.\0001\000.\0002\000.\0004\000\040\000D\000r\000a\000w\000B\000o\000a\000r\000d\000\050\000\051}{subsection.4.1.2}% 31
\BOOKMARK [3][-]{subsubsection.4.1.2.5}{\376\377\0004\000.\0001\000.\0002\000.\0005\000\040\000D\000r\000a\000w\000B\000o\000a\000r\000d\000W\000i\000t\000h\000N\000a\000m\000e\000s\000\050\000\051}{subsection.4.1.2}% 32
\BOOKMARK [1][-]{section.4.2}{\376\377\0004\000.\0002\000\040\000R\000e\000f\000e\000r\000\352\000n\000c\000i\000a\000\040\000d\000o\000\040\000A\000r\000q\000u\000i\000v\000o\000\040\000c\000l\000i\000e\000n\000t\000/\000i\000n\000c\000l\000u\000d\000e\000/\000c\000l\000i\000e\000n\000t\000.\000h}{chapter.4}% 33
\BOOKMARK [2][-]{subsection.4.2.1}{\376\377\0004\000.\0002\000.\0001\000\040\000D\000e\000s\000c\000r\000i\000\347\000\343\000o\000\040\000D\000e\000t\000a\000l\000h\000a\000d\000a}{section.4.2}% 34
\BOOKMARK [2][-]{subsection.4.2.2}{\376\377\0004\000.\0002\000.\0002\000\040\000D\000e\000f\000i\000n\000i\000\347\000\365\000e\000s\000\040\000d\000o\000s\000\040\000t\000i\000p\000o\000s}{section.4.2}% 35
\BOOKMARK [3][-]{subsubsection.4.2.2.1}{\376\377\0004\000.\0002\000.\0002\000.\0001\000\040\000M\000e\000n\000s\000a\000g\000e\000m}{subsection.4.2.2}% 36
\BOOKMARK [2][-]{subsection.4.2.3}{\376\377\0004\000.\0002\000.\0003\000\040\000F\000u\000n\000\347\000\365\000e\000s}{section.4.2}% 37
\BOOKMARK [3][-]{subsubsection.4.2.3.1}{\376\377\0004\000.\0002\000.\0003\000.\0001\000\040\000c\000l\000e\000a\000r\000\137\000s\000t\000d\000i\000n\000\050\000\051}{subsection.4.2.3}% 38
\BOOKMARK [3][-]{subsubsection.4.2.3.2}{\376\377\0004\000.\0002\000.\0003\000.\0002\000\040\000c\000r\000e\000a\000t\000e\000\137\000c\000l\000i\000e\000n\000t\000\137\000s\000o\000c\000k\000e\000t\000\050\000\051}{subsection.4.2.3}% 39
\BOOKMARK [3][-]{subsubsection.4.2.3.3}{\376\377\0004\000.\0002\000.\0003\000.\0003\000\040\000d\000i\000s\000c\000o\000n\000n\000e\000c\000t\000\050\000\051}{subsection.4.2.3}% 40
\BOOKMARK [3][-]{subsubsection.4.2.3.4}{\376\377\0004\000.\0002\000.\0003\000.\0004\000\040\000e\000n\000v\000i\000a\000\137\000m\000e\000n\000s\000a\000g\000e\000m\000\050\000\051}{subsection.4.2.3}% 41
\BOOKMARK [3][-]{subsubsection.4.2.3.5}{\376\377\0004\000.\0002\000.\0003\000.\0005\000\040\000l\000o\000g\000i\000n\000\050\000\051}{subsection.4.2.3}% 42
\BOOKMARK [3][-]{subsubsection.4.2.3.6}{\376\377\0004\000.\0002\000.\0003\000.\0006\000\040\000r\000a\000n\000d\000\137\000r\000a\000n\000g\000e\000\050\000\051}{subsection.4.2.3}% 43
\BOOKMARK [3][-]{subsubsection.4.2.3.7}{\376\377\0004\000.\0002\000.\0003\000.\0007\000\040\000r\000e\000c\000e\000i\000v\000e\000\137\000m\000e\000s\000s\000a\000g\000e\000\050\000\051}{subsection.4.2.3}% 44
\BOOKMARK [1][-]{section.4.3}{\376\377\0004\000.\0003\000\040\000R\000e\000f\000e\000r\000\352\000n\000c\000i\000a\000\040\000d\000o\000\040\000A\000r\000q\000u\000i\000v\000o\000\040\000c\000l\000i\000e\000n\000t\000/\000i\000n\000c\000l\000u\000d\000e\000/\000g\000a\000m\000e\000.\000h}{chapter.4}% 45
\BOOKMARK [2][-]{subsection.4.3.1}{\376\377\0004\000.\0003\000.\0001\000\040\000D\000e\000s\000c\000r\000i\000\347\000\343\000o\000\040\000D\000e\000t\000a\000l\000h\000a\000d\000a}{section.4.3}% 46
\BOOKMARK [2][-]{subsection.4.3.2}{\376\377\0004\000.\0003\000.\0002\000\040\000F\000u\000n\000\347\000\365\000e\000s}{section.4.3}% 47
\BOOKMARK [3][-]{subsubsection.4.3.2.1}{\376\377\0004\000.\0003\000.\0002\000.\0001\000\040\000A\000I\000P\000l\000a\000y\000\050\000\051}{subsection.4.3.2}% 48
\BOOKMARK [3][-]{subsubsection.4.3.2.2}{\376\377\0004\000.\0003\000.\0002\000.\0002\000\040\000P\000l\000a\000y\000A\000g\000a\000i\000n\000\050\000\051}{subsection.4.3.2}% 49
\BOOKMARK [3][-]{subsubsection.4.3.2.3}{\376\377\0004\000.\0003\000.\0002\000.\0003\000\040\000P\000l\000a\000y\000e\000r\000S\000t\000a\000r\000t\000\050\000\051}{subsection.4.3.2}% 50
\BOOKMARK [3][-]{subsubsection.4.3.2.4}{\376\377\0004\000.\0003\000.\0002\000.\0004\000\040\000P\000l\000a\000y\000G\000a\000m\000e\000\050\000\051}{subsection.4.3.2}% 51
\BOOKMARK [3][-]{subsubsection.4.3.2.5}{\376\377\0004\000.\0003\000.\0002\000.\0005\000\040\000P\000r\000i\000n\000t\000S\000c\000o\000r\000e\000\050\000\051}{subsection.4.3.2}% 52
\BOOKMARK [3][-]{subsubsection.4.3.2.6}{\376\377\0004\000.\0003\000.\0002\000.\0006\000\040\000P\000r\000i\000n\000t\000W\000i\000n\000n\000e\000r\000\050\000\051}{subsection.4.3.2}% 53
\BOOKMARK [3][-]{subsubsection.4.3.2.7}{\376\377\0004\000.\0003\000.\0002\000.\0007\000\040\000S\000t\000a\000r\000t\000G\000a\000m\000e\000\050\000\051}{subsection.4.3.2}% 54
\BOOKMARK [3][-]{subsubsection.4.3.2.8}{\376\377\0004\000.\0003\000.\0002\000.\0008\000\040\000U\000p\000d\000a\000t\000e\000S\000c\000o\000r\000e\000s\000\050\000\051}{subsection.4.3.2}% 55
\BOOKMARK [1][-]{section.4.4}{\376\377\0004\000.\0004\000\040\000R\000e\000f\000e\000r\000\352\000n\000c\000i\000a\000\040\000d\000o\000\040\000A\000r\000q\000u\000i\000v\000o\000\040\000c\000l\000i\000e\000n\000t\000/\000i\000n\000c\000l\000u\000d\000e\000/\000m\000e\000n\000u\000.\000h}{chapter.4}% 56
\BOOKMARK [2][-]{subsection.4.4.1}{\376\377\0004\000.\0004\000.\0001\000\040\000D\000e\000s\000c\000r\000i\000\347\000\343\000o\000\040\000D\000e\000t\000a\000l\000h\000a\000d\000a}{section.4.4}% 57
\BOOKMARK [2][-]{subsection.4.4.2}{\376\377\0004\000.\0004\000.\0002\000\040\000F\000u\000n\000\347\000\365\000e\000s}{section.4.4}% 58
\BOOKMARK [3][-]{subsubsection.4.4.2.1}{\376\377\0004\000.\0004\000.\0002\000.\0001\000\040\000M\000e\000n\000u\000C\000h\000o\000i\000c\000e\000\050\000\051}{subsection.4.4.2}% 59
\BOOKMARK [3][-]{subsubsection.4.4.2.2}{\376\377\0004\000.\0004\000.\0002\000.\0002\000\040\000S\000h\000o\000w\000M\000e\000n\000u\000\050\000\051}{subsection.4.4.2}% 60
\BOOKMARK [1][-]{section.4.5}{\376\377\0004\000.\0005\000\040\000R\000e\000f\000e\000r\000\352\000n\000c\000i\000a\000\040\000d\000o\000\040\000A\000r\000q\000u\000i\000v\000o\000\040\000c\000l\000i\000e\000n\000t\000/\000i\000n\000c\000l\000u\000d\000e\000/\000p\000l\000a\000y\000e\000r\000.\000h}{chapter.4}% 61
\BOOKMARK [2][-]{subsection.4.5.1}{\376\377\0004\000.\0005\000.\0001\000\040\000D\000e\000s\000c\000r\000i\000\347\000\343\000o\000\040\000D\000e\000t\000a\000l\000h\000a\000d\000a}{section.4.5}% 62
\BOOKMARK [2][-]{subsection.4.5.2}{\376\377\0004\000.\0005\000.\0002\000\040\000F\000u\000n\000\347\000\365\000e\000s}{section.4.5}% 63
\BOOKMARK [3][-]{subsubsection.4.5.2.1}{\376\377\0004\000.\0005\000.\0002\000.\0001\000\040\000C\000h\000a\000n\000g\000e\000P\000l\000a\000y\000e\000r\000\050\000\051}{subsection.4.5.2}% 64
\BOOKMARK [3][-]{subsubsection.4.5.2.2}{\376\377\0004\000.\0005\000.\0002\000.\0002\000\040\000G\000e\000t\000N\000u\000m\000b\000e\000r\000O\000f\000P\000l\000a\000y\000e\000r\000s\000\050\000\051}{subsection.4.5.2}% 65
\BOOKMARK [3][-]{subsubsection.4.5.2.3}{\376\377\0004\000.\0005\000.\0002\000.\0003\000\040\000G\000e\000t\000P\000l\000a\000y\000e\000r\000N\000a\000m\000e\000\050\000\051}{subsection.4.5.2}% 66
\BOOKMARK [1][-]{section.4.6}{\376\377\0004\000.\0006\000\040\000R\000e\000f\000e\000r\000\352\000n\000c\000i\000a\000\040\000d\000o\000\040\000A\000r\000q\000u\000i\000v\000o\000\040\000s\000e\000r\000v\000e\000r\000/\000i\000n\000c\000l\000u\000d\000e\000/\000c\000l\000i\000e\000n\000t\000\137\000t\000h\000r\000e\000a\000d\000.\000h}{chapter.4}% 67
\BOOKMARK [2][-]{subsection.4.6.1}{\376\377\0004\000.\0006\000.\0001\000\040\000D\000e\000s\000c\000r\000i\000\347\000\343\000o\000\040\000D\000e\000t\000a\000l\000h\000a\000d\000a}{section.4.6}% 68
\BOOKMARK [2][-]{subsection.4.6.2}{\376\377\0004\000.\0006\000.\0002\000\040\000F\000u\000n\000\347\000\365\000e\000s}{section.4.6}% 69
\BOOKMARK [3][-]{subsubsection.4.6.2.1}{\376\377\0004\000.\0006\000.\0002\000.\0001\000\040\000c\000l\000i\000e\000n\000t\000\137\000c\000o\000n\000n\000e\000c\000t\000i\000o\000n\000\137\000t\000h\000r\000e\000a\000d\000\050\000\051}{subsection.4.6.2}% 70
\BOOKMARK [3][-]{subsubsection.4.6.2.2}{\376\377\0004\000.\0006\000.\0002\000.\0002\000\040\000i\000n\000i\000t\000\137\000s\000h\000a\000r\000e\000d\000\137\000v\000a\000r\000i\000a\000b\000l\000e\000s\000\050\000\051}{subsection.4.6.2}% 71
\BOOKMARK [3][-]{subsubsection.4.6.2.3}{\376\377\0004\000.\0006\000.\0002\000.\0003\000\040\000i\000n\000s\000e\000r\000t\000\137\000p\000l\000a\000y\000e\000r\000\137\000i\000n\000\137\000g\000a\000m\000e\000\050\000\051}{subsection.4.6.2}% 72
\BOOKMARK [3][-]{subsubsection.4.6.2.4}{\376\377\0004\000.\0006\000.\0002\000.\0004\000\040\000l\000e\000a\000v\000e\000\137\000g\000a\000m\000e\000\050\000\051}{subsection.4.6.2}% 73
\BOOKMARK [3][-]{subsubsection.4.6.2.5}{\376\377\0004\000.\0006\000.\0002\000.\0005\000\040\000s\000e\000a\000r\000c\000h\000\137\000f\000o\000r\000\137\000a\000v\000a\000i\000l\000a\000b\000l\000e\000\137\000g\000a\000m\000e\000\050\000\051}{subsection.4.6.2}% 74
\BOOKMARK [3][-]{subsubsection.4.6.2.6}{\376\377\0004\000.\0006\000.\0002\000.\0006\000\040\000s\000t\000a\000r\000t\000\137\000r\000e\000m\000o\000t\000e\000\137\000t\000i\000c\000t\000a\000c\000t\000o\000e\000\137\000g\000a\000m\000e\000\050\000\051}{subsection.4.6.2}% 75
\BOOKMARK [3][-]{subsubsection.4.6.2.7}{\376\377\0004\000.\0006\000.\0002\000.\0007\000\040\000w\000a\000i\000t\000\137\000a\000l\000l\000\137\000p\000l\000a\000y\000e\000r\000s\000\137\000t\000o\000\137\000c\000o\000n\000n\000e\000c\000t\000\050\000\051}{subsection.4.6.2}% 76
\BOOKMARK [3][-]{subsubsection.4.6.2.8}{\376\377\0004\000.\0006\000.\0002\000.\0008\000\040\000w\000r\000i\000t\000e\000\137\000i\000n\000\137\000f\000i\000l\000e\000\137\000r\000a\000n\000k\000i\000n\000g\000\050\000\051}{subsection.4.6.2}% 77
\BOOKMARK [1][-]{section.4.7}{\376\377\0004\000.\0007\000\040\000R\000e\000f\000e\000r\000\352\000n\000c\000i\000a\000\040\000d\000o\000\040\000A\000r\000q\000u\000i\000v\000o\000\040\000s\000e\000r\000v\000e\000r\000/\000i\000n\000c\000l\000u\000d\000e\000/\000s\000e\000r\000v\000e\000r\000.\000h}{chapter.4}% 78
\BOOKMARK [2][-]{subsection.4.7.1}{\376\377\0004\000.\0007\000.\0001\000\040\000D\000e\000s\000c\000r\000i\000\347\000\343\000o\000\040\000D\000e\000t\000a\000l\000h\000a\000d\000a}{section.4.7}% 79
\BOOKMARK [2][-]{subsection.4.7.2}{\376\377\0004\000.\0007\000.\0002\000\040\000D\000e\000f\000i\000n\000i\000\347\000\365\000e\000s\000\040\000d\000o\000s\000\040\000t\000i\000p\000o\000s}{section.4.7}% 80
\BOOKMARK [3][-]{subsubsection.4.7.2.1}{\376\377\0004\000.\0007\000.\0002\000.\0001\000\040\000G\000a\000m\000e}{subsection.4.7.2}% 81
\BOOKMARK [3][-]{subsubsection.4.7.2.2}{\376\377\0004\000.\0007\000.\0002\000.\0002\000\040\000P\000l\000a\000y\000e\000r}{subsection.4.7.2}% 82
\BOOKMARK [3][-]{subsubsection.4.7.2.3}{\376\377\0004\000.\0007\000.\0002\000.\0003\000\040\000R\000e\000c\000e\000i\000v\000e\000d\000M\000e\000s\000s\000a\000g\000e}{subsection.4.7.2}% 83
\BOOKMARK [3][-]{subsubsection.4.7.2.4}{\376\377\0004\000.\0007\000.\0002\000.\0004\000\040\000S\000o\000c\000k\000a\000d\000d\000r}{subsection.4.7.2}% 84
\BOOKMARK [2][-]{subsection.4.7.3}{\376\377\0004\000.\0007\000.\0003\000\040\000F\000u\000n\000\347\000\365\000e\000s}{section.4.7}% 85
\BOOKMARK [3][-]{subsubsection.4.7.3.1}{\376\377\0004\000.\0007\000.\0003\000.\0001\000\040\000c\000r\000e\000a\000t\000e\000\137\000s\000o\000c\000k\000e\000t\000\050\000\051}{subsection.4.7.3}% 86
\BOOKMARK [3][-]{subsubsection.4.7.3.2}{\376\377\0004\000.\0007\000.\0003\000.\0002\000\040\000i\000n\000i\000t\000\137\000s\000e\000r\000v\000e\000r\000\050\000\051}{subsection.4.7.3}% 87
\BOOKMARK [3][-]{subsubsection.4.7.3.3}{\376\377\0004\000.\0007\000.\0003\000.\0003\000\040\000r\000a\000n\000d\000\137\000r\000a\000n\000g\000e\000\050\000\051}{subsection.4.7.3}% 88
\BOOKMARK [3][-]{subsubsection.4.7.3.4}{\376\377\0004\000.\0007\000.\0003\000.\0004\000\040\000r\000e\000c\000e\000i\000v\000e\000\137\000m\000e\000s\000s\000a\000g\000e\000\050\000\051}{subsection.4.7.3}% 89
\BOOKMARK [3][-]{subsubsection.4.7.3.5}{\376\377\0004\000.\0007\000.\0003\000.\0005\000\040\000s\000e\000n\000d\000\137\000m\000e\000s\000s\000a\000g\000e\000\050\000\051}{subsection.4.7.3}% 90
\BOOKMARK [3][-]{subsubsection.4.7.3.6}{\376\377\0004\000.\0007\000.\0003\000.\0006\000\040\000w\000a\000i\000t\000\137\000f\000o\000r\000\137\000l\000o\000g\000i\000n\000\050\000\051}{subsection.4.7.3}% 91
\BOOKMARK [1][-]{section.4.8}{\376\377\0004\000.\0008\000\040\000R\000e\000f\000e\000r\000\352\000n\000c\000i\000a\000\040\000d\000o\000\040\000A\000r\000q\000u\000i\000v\000o\000\040\000s\000e\000r\000v\000e\000r\000/\000s\000r\000c\000/\000c\000l\000i\000e\000n\000t\000\137\000t\000h\000r\000e\000a\000d\000.\000c}{chapter.4}% 92
\BOOKMARK [2][-]{subsection.4.8.1}{\376\377\0004\000.\0008\000.\0001\000\040\000D\000e\000s\000c\000r\000i\000\347\000\343\000o\000\040\000D\000e\000t\000a\000l\000h\000a\000d\000a}{section.4.8}% 93
\BOOKMARK [1][-]{section.4.9}{\376\377\0004\000.\0009\000\040\000R\000e\000f\000e\000r\000\352\000n\000c\000i\000a\000\040\000d\000o\000\040\000A\000r\000q\000u\000i\000v\000o\000\040\000s\000e\000r\000v\000e\000r\000/\000s\000r\000c\000/\000s\000e\000r\000v\000e\000r\000.\000c}{chapter.4}% 94
\BOOKMARK [2][-]{subsection.4.9.1}{\376\377\0004\000.\0009\000.\0001\000\040\000D\000e\000s\000c\000r\000i\000\347\000\343\000o\000\040\000D\000e\000t\000a\000l\000h\000a\000d\000a}{section.4.9}% 95
\BOOKMARK [2][-]{subsection.4.9.2}{\376\377\0004\000.\0009\000.\0002\000\040\000F\000u\000n\000\347\000\365\000e\000s}{section.4.9}% 96
\BOOKMARK [3][-]{subsubsection.4.9.2.1}{\376\377\0004\000.\0009\000.\0002\000.\0001\000\040\000m\000a\000i\000n\000\050\000\051}{subsection.4.9.2}% 97
\BOOKMARK [3][-]{subsubsection.4.9.2.2}{\376\377\0004\000.\0009\000.\0002\000.\0002\000\040\000s\000h\000o\000w\000\137\000u\000s\000a\000g\000e\000\050\000\051}{subsection.4.9.2}% 98
\BOOKMARK [0][-]{section*.36}{\376\377\000\315\000n\000d\000i\000c\000e}{}% 99
